<?xml version="1.0" encoding="UTF-8"?>
<!-- Generated by org.testng.reporters.JUnitReportReporter -->
<testsuite skipped="0" hostname="DESKTOP-GEKRDKE" name="student.MyMaven.TestScript" tests="1" failures="0" timestamp="08 Aug 2018 06:19:27 GMT" time="27.323" errors="0">
  <testcase name="checkGoogle" time="27.323" classname="student.MyMaven.TestScript"/>
</testsuite> <!-- student.MyMaven.TestScript -->
